2024-07-22 22:43:39.487 | main                      | INFO  | com.example.final_project.controller.FavoriteControllerTest             -  Starting FavoriteControllerTest using Java 22.0.1 with PID 17718 (started by serhiihorb in /Users/serhiihorb/Desktop/Tel_Ran_Pro/Final_Project)
2024-07-22 22:43:39.493 | main                      | DEBUG | com.example.final_project.controller.FavoriteControllerTest             -  Running with Spring Boot v3.3.0, Spring v6.1.8
2024-07-22 22:43:39.494 | main                      | INFO  | com.example.final_project.controller.FavoriteControllerTest             -  No active profile set, falling back to 1 default profile: "default"
2024-07-22 22:57:56.396 | main                      | INFO  | com.example.final_project.controller.FavoriteControllerTest             -  Starting FavoriteControllerTest using Java 22.0.1 with PID 17858 (started by serhiihorb in /Users/serhiihorb/Desktop/Tel_Ran_Pro/Final_Project)
2024-07-22 22:57:56.397 | main                      | DEBUG | com.example.final_project.controller.FavoriteControllerTest             -  Running with Spring Boot v3.3.0, Spring v6.1.8
2024-07-22 22:57:56.397 | main                      | INFO  | com.example.final_project.controller.FavoriteControllerTest             -  No active profile set, falling back to 1 default profile: "default"
2024-07-22 23:02:00.288 | main                      | INFO  | com.example.final_project.controller.FavoriteControllerTest             -  Starting FavoriteControllerTest using Java 22.0.1 with PID 17884 (started by serhiihorb in /Users/serhiihorb/Desktop/Tel_Ran_Pro/Final_Project)
2024-07-22 23:02:00.288 | main                      | DEBUG | com.example.final_project.controller.FavoriteControllerTest             -  Running with Spring Boot v3.3.0, Spring v6.1.8
2024-07-22 23:02:00.289 | main                      | INFO  | com.example.final_project.controller.FavoriteControllerTest             -  No active profile set, falling back to 1 default profile: "default"
2024-07-22 23:02:02.112 | main                      | DEBUG | com.example.final_project.security.jwt.JwtFilter                        -  Filter 'jwtFilter' configured for use
2024-07-22 23:02:02.147 | main                      | INFO  | com.example.final_project.controller.FavoriteControllerTest             -  Started FavoriteControllerTest in 2.188 seconds (process running for 2.873)
2024-07-22 23:03:54.857 | main                      | INFO  | com.example.final_project.controller.FavoriteControllerTest             -  Starting FavoriteControllerTest using Java 22.0.1 with PID 17900 (started by serhiihorb in /Users/serhiihorb/Desktop/Tel_Ran_Pro/Final_Project)
2024-07-22 23:03:54.858 | main                      | DEBUG | com.example.final_project.controller.FavoriteControllerTest             -  Running with Spring Boot v3.3.0, Spring v6.1.8
2024-07-22 23:03:54.858 | main                      | INFO  | com.example.final_project.controller.FavoriteControllerTest             -  No active profile set, falling back to 1 default profile: "default"
2024-07-22 23:03:56.627 | main                      | DEBUG | com.example.final_project.security.jwt.JwtFilter                        -  Filter 'jwtFilter' configured for use
2024-07-22 23:03:56.657 | main                      | INFO  | com.example.final_project.controller.FavoriteControllerTest             -  Started FavoriteControllerTest in 2.122 seconds (process running for 2.796)
2024-07-22 23:04:14.269 | main                      | INFO  | com.example.final_project.controller.FavoriteControllerTest             -  Starting FavoriteControllerTest using Java 22.0.1 with PID 17910 (started by serhiihorb in /Users/serhiihorb/Desktop/Tel_Ran_Pro/Final_Project)
2024-07-22 23:04:14.270 | main                      | DEBUG | com.example.final_project.controller.FavoriteControllerTest             -  Running with Spring Boot v3.3.0, Spring v6.1.8
2024-07-22 23:04:14.271 | main                      | INFO  | com.example.final_project.controller.FavoriteControllerTest             -  No active profile set, falling back to 1 default profile: "default"
2024-07-22 23:04:16.055 | main                      | DEBUG | com.example.final_project.security.jwt.JwtFilter                        -  Filter 'jwtFilter' configured for use
2024-07-22 23:04:16.087 | main                      | INFO  | com.example.final_project.controller.FavoriteControllerTest             -  Started FavoriteControllerTest in 2.12 seconds (process running for 2.784)
2024-07-22 23:04:36.653 | main                      | INFO  | com.example.final_project.controller.FavoriteControllerTest             -  Starting FavoriteControllerTest using Java 22.0.1 with PID 17918 (started by serhiihorb in /Users/serhiihorb/Desktop/Tel_Ran_Pro/Final_Project)
2024-07-22 23:04:36.654 | main                      | DEBUG | com.example.final_project.controller.FavoriteControllerTest             -  Running with Spring Boot v3.3.0, Spring v6.1.8
2024-07-22 23:04:36.655 | main                      | INFO  | com.example.final_project.controller.FavoriteControllerTest             -  No active profile set, falling back to 1 default profile: "default"
2024-07-22 23:04:38.608 | main                      | DEBUG | com.example.final_project.security.jwt.JwtFilter                        -  Filter 'jwtFilter' configured for use
2024-07-22 23:04:38.640 | main                      | INFO  | com.example.final_project.controller.FavoriteControllerTest             -  Started FavoriteControllerTest in 2.324 seconds (process running for 2.991)
2024-07-22 23:05:11.210 | main                      | INFO  | com.example.final_project.controller.FavoriteControllerTest             -  Starting FavoriteControllerTest using Java 22.0.1 with PID 17926 (started by serhiihorb in /Users/serhiihorb/Desktop/Tel_Ran_Pro/Final_Project)
2024-07-22 23:05:11.211 | main                      | DEBUG | com.example.final_project.controller.FavoriteControllerTest             -  Running with Spring Boot v3.3.0, Spring v6.1.8
2024-07-22 23:05:11.211 | main                      | INFO  | com.example.final_project.controller.FavoriteControllerTest             -  No active profile set, falling back to 1 default profile: "default"
2024-07-22 23:05:13.063 | main                      | DEBUG | com.example.final_project.security.jwt.JwtFilter                        -  Filter 'jwtFilter' configured for use
2024-07-22 23:05:13.095 | main                      | INFO  | com.example.final_project.controller.FavoriteControllerTest             -  Started FavoriteControllerTest in 2.215 seconds (process running for 2.915)
2024-07-22 23:05:24.580 | main                      | INFO  | com.example.final_project.controller.FavoriteControllerTest             -  Starting FavoriteControllerTest using Java 22.0.1 with PID 17934 (started by serhiihorb in /Users/serhiihorb/Desktop/Tel_Ran_Pro/Final_Project)
2024-07-22 23:05:24.581 | main                      | DEBUG | com.example.final_project.controller.FavoriteControllerTest             -  Running with Spring Boot v3.3.0, Spring v6.1.8
2024-07-22 23:05:24.581 | main                      | INFO  | com.example.final_project.controller.FavoriteControllerTest             -  No active profile set, falling back to 1 default profile: "default"
2024-07-22 23:05:35.965 | main                      | INFO  | com.example.final_project.controller.FavoriteControllerTest             -  Starting FavoriteControllerTest using Java 22.0.1 with PID 17943 (started by serhiihorb in /Users/serhiihorb/Desktop/Tel_Ran_Pro/Final_Project)
2024-07-22 23:05:35.965 | main                      | DEBUG | com.example.final_project.controller.FavoriteControllerTest             -  Running with Spring Boot v3.3.0, Spring v6.1.8
2024-07-22 23:05:35.966 | main                      | INFO  | com.example.final_project.controller.FavoriteControllerTest             -  No active profile set, falling back to 1 default profile: "default"
2024-07-22 23:05:37.831 | main                      | DEBUG | com.example.final_project.security.jwt.JwtFilter                        -  Filter 'jwtFilter' configured for use
2024-07-22 23:05:37.863 | main                      | INFO  | com.example.final_project.controller.FavoriteControllerTest             -  Started FavoriteControllerTest in 2.223 seconds (process running for 2.9)
2024-07-22 23:08:33.211 | main                      | INFO  | com.example.final_project.controller.CartItemControllerTest             -  Starting CartItemControllerTest using Java 22.0.1 with PID 17972 (started by serhiihorb in /Users/serhiihorb/Desktop/Tel_Ran_Pro/Final_Project)
2024-07-22 23:08:33.211 | main                      | DEBUG | com.example.final_project.controller.CartItemControllerTest             -  Running with Spring Boot v3.3.0, Spring v6.1.8
2024-07-22 23:08:33.212 | main                      | INFO  | com.example.final_project.controller.CartItemControllerTest             -  No active profile set, falling back to 1 default profile: "default"
2024-07-22 23:08:35.141 | main                      | DEBUG | com.example.final_project.security.jwt.JwtFilter                        -  Filter 'jwtFilter' configured for use
2024-07-22 23:08:35.173 | main                      | INFO  | com.example.final_project.controller.CartItemControllerTest             -  Started CartItemControllerTest in 2.337 seconds (process running for 3.021)
2024-07-22 23:09:31.568 | main                      | INFO  | com.example.final_project.controller.CartItemControllerTest             -  Starting CartItemControllerTest using Java 22.0.1 with PID 17985 (started by serhiihorb in /Users/serhiihorb/Desktop/Tel_Ran_Pro/Final_Project)
2024-07-22 23:09:31.568 | main                      | DEBUG | com.example.final_project.controller.CartItemControllerTest             -  Running with Spring Boot v3.3.0, Spring v6.1.8
2024-07-22 23:09:31.569 | main                      | INFO  | com.example.final_project.controller.CartItemControllerTest             -  No active profile set, falling back to 1 default profile: "default"
2024-07-22 23:09:33.343 | main                      | DEBUG | com.example.final_project.security.jwt.JwtFilter                        -  Filter 'jwtFilter' configured for use
2024-07-22 23:09:33.375 | main                      | INFO  | com.example.final_project.controller.CartItemControllerTest             -  Started CartItemControllerTest in 2.147 seconds (process running for 2.816)
2024-07-22 23:27:18.926 | main                      | INFO  | com.example.final_project.controller.UserControllerTest                 -  Starting UserControllerTest using Java 22.0.1 with PID 18109 (started by serhiihorb in /Users/serhiihorb/Desktop/Tel_Ran_Pro/Final_Project)
2024-07-22 23:27:18.927 | main                      | DEBUG | com.example.final_project.controller.UserControllerTest                 -  Running with Spring Boot v3.3.0, Spring v6.1.8
2024-07-22 23:27:18.927 | main                      | INFO  | com.example.final_project.controller.UserControllerTest                 -  No active profile set, falling back to 1 default profile: "default"
2024-07-22 23:29:26.111 | main                      | INFO  | com.example.final_project.controller.UserControllerTest                 -  Starting UserControllerTest using Java 22.0.1 with PID 18152 (started by serhiihorb in /Users/serhiihorb/Desktop/Tel_Ran_Pro/Final_Project)
2024-07-22 23:29:26.112 | main                      | DEBUG | com.example.final_project.controller.UserControllerTest                 -  Running with Spring Boot v3.3.0, Spring v6.1.8
2024-07-22 23:29:26.113 | main                      | INFO  | com.example.final_project.controller.UserControllerTest                 -  No active profile set, falling back to 1 default profile: "default"
2024-07-22 23:29:27.906 | main                      | DEBUG | com.example.final_project.security.jwt.JwtFilter                        -  Filter 'jwtFilter' configured for use
2024-07-22 23:29:27.941 | main                      | INFO  | com.example.final_project.controller.UserControllerTest                 -  Started UserControllerTest in 2.151 seconds (process running for 2.821)
2024-07-22 23:31:08.398 | main                      | INFO  | com.example.final_project.controller.UserControllerTest                 -  Starting UserControllerTest using Java 22.0.1 with PID 18163 (started by serhiihorb in /Users/serhiihorb/Desktop/Tel_Ran_Pro/Final_Project)
2024-07-22 23:31:08.398 | main                      | DEBUG | com.example.final_project.controller.UserControllerTest                 -  Running with Spring Boot v3.3.0, Spring v6.1.8
2024-07-22 23:31:08.399 | main                      | INFO  | com.example.final_project.controller.UserControllerTest                 -  No active profile set, falling back to 1 default profile: "default"
2024-07-22 23:31:10.263 | main                      | DEBUG | com.example.final_project.security.jwt.JwtFilter                        -  Filter 'jwtFilter' configured for use
2024-07-22 23:31:10.298 | main                      | INFO  | com.example.final_project.controller.UserControllerTest                 -  Started UserControllerTest in 2.228 seconds (process running for 2.913)
2024-07-22 23:33:27.592 | main                      | INFO  | com.example.final_project.controller.UserControllerTest                 -  Starting UserControllerTest using Java 22.0.1 with PID 18174 (started by serhiihorb in /Users/serhiihorb/Desktop/Tel_Ran_Pro/Final_Project)
2024-07-22 23:33:27.592 | main                      | DEBUG | com.example.final_project.controller.UserControllerTest                 -  Running with Spring Boot v3.3.0, Spring v6.1.8
2024-07-22 23:33:27.593 | main                      | INFO  | com.example.final_project.controller.UserControllerTest                 -  No active profile set, falling back to 1 default profile: "default"
2024-07-22 23:33:29.344 | main                      | DEBUG | com.example.final_project.security.jwt.JwtFilter                        -  Filter 'jwtFilter' configured for use
2024-07-22 23:33:29.377 | main                      | INFO  | com.example.final_project.controller.UserControllerTest                 -  Started UserControllerTest in 2.103 seconds (process running for 2.819)
2024-07-22 23:35:07.576 | main                      | INFO  | com.example.final_project.controller.UserControllerTest                 -  Starting UserControllerTest using Java 22.0.1 with PID 18194 (started by serhiihorb in /Users/serhiihorb/Desktop/Tel_Ran_Pro/Final_Project)
2024-07-22 23:35:07.577 | main                      | DEBUG | com.example.final_project.controller.UserControllerTest                 -  Running with Spring Boot v3.3.0, Spring v6.1.8
2024-07-22 23:35:07.577 | main                      | INFO  | com.example.final_project.controller.UserControllerTest                 -  No active profile set, falling back to 1 default profile: "default"
2024-07-22 23:35:09.330 | main                      | DEBUG | com.example.final_project.security.jwt.JwtFilter                        -  Filter 'jwtFilter' configured for use
2024-07-22 23:35:09.364 | main                      | INFO  | com.example.final_project.controller.UserControllerTest                 -  Started UserControllerTest in 2.103 seconds (process running for 2.754)
2024-07-22 23:35:20.415 | main                      | INFO  | com.example.final_project.controller.UserControllerTest                 -  Starting UserControllerTest using Java 22.0.1 with PID 18199 (started by serhiihorb in /Users/serhiihorb/Desktop/Tel_Ran_Pro/Final_Project)
2024-07-22 23:35:20.416 | main                      | DEBUG | com.example.final_project.controller.UserControllerTest                 -  Running with Spring Boot v3.3.0, Spring v6.1.8
2024-07-22 23:35:20.416 | main                      | INFO  | com.example.final_project.controller.UserControllerTest                 -  No active profile set, falling back to 1 default profile: "default"
2024-07-22 23:35:22.202 | main                      | DEBUG | com.example.final_project.security.jwt.JwtFilter                        -  Filter 'jwtFilter' configured for use
2024-07-22 23:35:22.236 | main                      | INFO  | com.example.final_project.controller.UserControllerTest                 -  Started UserControllerTest in 2.136 seconds (process running for 2.841)
2024-07-22 23:37:52.342 | main                      | INFO  | com.example.final_project.controller.UserControllerTest                 -  Starting UserControllerTest using Java 22.0.1 with PID 18219 (started by serhiihorb in /Users/serhiihorb/Desktop/Tel_Ran_Pro/Final_Project)
2024-07-22 23:37:52.342 | main                      | DEBUG | com.example.final_project.controller.UserControllerTest                 -  Running with Spring Boot v3.3.0, Spring v6.1.8
2024-07-22 23:37:52.343 | main                      | INFO  | com.example.final_project.controller.UserControllerTest                 -  No active profile set, falling back to 1 default profile: "default"
2024-07-22 23:37:54.114 | main                      | DEBUG | com.example.final_project.security.jwt.JwtFilter                        -  Filter 'jwtFilter' configured for use
2024-07-22 23:37:54.148 | main                      | INFO  | com.example.final_project.controller.UserControllerTest                 -  Started UserControllerTest in 2.122 seconds (process running for 2.812)
2024-07-22 23:41:23.957 | main                      | INFO  | com.example.final_project.controller.UserControllerTest                 -  Starting UserControllerTest using Java 22.0.1 with PID 18265 (started by serhiihorb in /Users/serhiihorb/Desktop/Tel_Ran_Pro/Final_Project)
2024-07-22 23:41:23.957 | main                      | DEBUG | com.example.final_project.controller.UserControllerTest                 -  Running with Spring Boot v3.3.0, Spring v6.1.8
2024-07-22 23:41:23.958 | main                      | INFO  | com.example.final_project.controller.UserControllerTest                 -  No active profile set, falling back to 1 default profile: "default"
2024-07-22 23:41:25.822 | main                      | DEBUG | com.example.final_project.security.jwt.JwtFilter                        -  Filter 'jwtFilter' configured for use
2024-07-22 23:41:25.853 | main                      | INFO  | com.example.final_project.controller.UserControllerTest                 -  Started UserControllerTest in 2.243 seconds (process running for 2.972)
2024-07-22 23:45:24.994 | main                      | INFO  | com.example.final_project.controller.UserControllerTest                 -  Starting UserControllerTest using Java 22.0.1 with PID 18312 (started by serhiihorb in /Users/serhiihorb/Desktop/Tel_Ran_Pro/Final_Project)
2024-07-22 23:45:24.994 | main                      | DEBUG | com.example.final_project.controller.UserControllerTest                 -  Running with Spring Boot v3.3.0, Spring v6.1.8
2024-07-22 23:45:24.995 | main                      | INFO  | com.example.final_project.controller.UserControllerTest                 -  No active profile set, falling back to 1 default profile: "default"
2024-07-22 23:45:26.740 | main                      | DEBUG | com.example.final_project.security.jwt.JwtFilter                        -  Filter 'jwtFilter' configured for use
2024-07-22 23:45:26.772 | main                      | INFO  | com.example.final_project.controller.UserControllerTest                 -  Started UserControllerTest in 2.092 seconds (process running for 2.761)
2024-07-22 23:47:45.736 | main                      | INFO  | com.example.final_project.controller.UserControllerTest                 -  Starting UserControllerTest using Java 22.0.1 with PID 18337 (started by serhiihorb in /Users/serhiihorb/Desktop/Tel_Ran_Pro/Final_Project)
2024-07-22 23:47:45.736 | main                      | DEBUG | com.example.final_project.controller.UserControllerTest                 -  Running with Spring Boot v3.3.0, Spring v6.1.8
2024-07-22 23:47:45.737 | main                      | INFO  | com.example.final_project.controller.UserControllerTest                 -  No active profile set, falling back to 1 default profile: "default"
2024-07-22 23:47:47.488 | main                      | DEBUG | com.example.final_project.security.jwt.JwtFilter                        -  Filter 'jwtFilter' configured for use
2024-07-22 23:47:47.519 | main                      | INFO  | com.example.final_project.controller.UserControllerTest                 -  Started UserControllerTest in 2.098 seconds (process running for 2.761)
2024-07-22 23:48:11.008 | main                      | INFO  | com.example.final_project.controller.UserControllerTest                 -  Starting UserControllerTest using Java 22.0.1 with PID 18347 (started by serhiihorb in /Users/serhiihorb/Desktop/Tel_Ran_Pro/Final_Project)
2024-07-22 23:48:11.009 | main                      | DEBUG | com.example.final_project.controller.UserControllerTest                 -  Running with Spring Boot v3.3.0, Spring v6.1.8
2024-07-22 23:48:11.009 | main                      | INFO  | com.example.final_project.controller.UserControllerTest                 -  No active profile set, falling back to 1 default profile: "default"
2024-07-22 23:48:12.800 | main                      | DEBUG | com.example.final_project.security.jwt.JwtFilter                        -  Filter 'jwtFilter' configured for use
2024-07-22 23:48:12.833 | main                      | INFO  | com.example.final_project.controller.UserControllerTest                 -  Started UserControllerTest in 2.15 seconds (process running for 2.815)
2024-07-22 23:49:25.097 | main                      | INFO  | com.example.final_project.FinalProjectApplicationTests                  -  Starting FinalProjectApplicationTests using Java 22.0.1 with PID 18360 (started by serhiihorb in /Users/serhiihorb/Desktop/Tel_Ran_Pro/Final_Project)
2024-07-22 23:49:25.098 | main                      | DEBUG | com.example.final_project.FinalProjectApplicationTests                  -  Running with Spring Boot v3.3.0, Spring v6.1.8
2024-07-22 23:49:25.098 | main                      | INFO  | com.example.final_project.FinalProjectApplicationTests                  -  No active profile set, falling back to 1 default profile: "default"
2024-07-22 23:49:30.618 | main                      | INFO  | com.example.final_project.FinalProjectApplicationTests                  -  Started FinalProjectApplicationTests in 5.8 seconds (process running for 6.42)
2024-07-22 23:49:47.367 | main                      | INFO  | com.example.final_project.FinalProjectApplication                       -  Starting FinalProjectApplication using Java 22.0.1 with PID 18369 (/Users/serhiihorb/Desktop/Tel_Ran_Pro/Final_Project/target/classes started by serhiihorb in /Users/serhiihorb/Desktop/Tel_Ran_Pro/Final_Project)
2024-07-22 23:49:47.367 | main                      | DEBUG | com.example.final_project.FinalProjectApplication                       -  Running with Spring Boot v3.3.0, Spring v6.1.8
2024-07-22 23:49:47.368 | main                      | INFO  | com.example.final_project.FinalProjectApplication                       -  No active profile set, falling back to 1 default profile: "default"
2024-07-22 23:49:48.860 | main                      | DEBUG | com.example.final_project.security.jwt.JwtFilter                        -  Filter 'jwtFilter' configured for use
2024-07-22 23:49:52.377 | main                      | INFO  | com.example.final_project.FinalProjectApplication                       -  Started FinalProjectApplication in 5.34 seconds (process running for 5.75)
