2024-07-25 00:22:56.472 | main                      | INFO  | com.example.final_project.controller.ProductControllerTest              -  Starting ProductControllerTest using Java 22.0.1 with PID 2553 (started by zaras in /Users/zaras/Desktop/Final_Project)
2024-07-25 00:22:56.477 | main                      | DEBUG | com.example.final_project.controller.ProductControllerTest              -  Running with Spring Boot v3.3.0, Spring v6.1.8
2024-07-25 00:22:56.477 | main                      | INFO  | com.example.final_project.controller.ProductControllerTest              -  No active profile set, falling back to 1 default profile: "default"
2024-07-25 00:22:57.810 | main                      | DEBUG | com.example.final_project.security.jwt.JwtFilter                        -  Filter 'jwtFilter' configured for use
2024-07-25 00:22:57.833 | main                      | INFO  | com.example.final_project.controller.ProductControllerTest              -  Started ProductControllerTest in 1.796 seconds (process running for 2.254)
2024-07-25 00:23:18.915 | main                      | INFO  | com.example.final_project.controller.ProductControllerTest              -  Starting ProductControllerTest using Java 22.0.1 with PID 2559 (started by zaras in /Users/zaras/Desktop/Final_Project)
2024-07-25 00:23:18.916 | main                      | DEBUG | com.example.final_project.controller.ProductControllerTest              -  Running with Spring Boot v3.3.0, Spring v6.1.8
2024-07-25 00:23:18.916 | main                      | INFO  | com.example.final_project.controller.ProductControllerTest              -  No active profile set, falling back to 1 default profile: "default"
2024-07-25 00:23:20.331 | main                      | DEBUG | com.example.final_project.security.jwt.JwtFilter                        -  Filter 'jwtFilter' configured for use
2024-07-25 00:23:20.370 | main                      | INFO  | com.example.final_project.controller.ProductControllerTest              -  Started ProductControllerTest in 1.688 seconds (process running for 2.187)
2024-07-25 00:25:27.970 | main                      | INFO  | com.example.final_project.repository.ProductRepositoryTest              -  Starting ProductRepositoryTest using Java 22.0.1 with PID 2567 (started by zaras in /Users/zaras/Desktop/Final_Project)
2024-07-25 00:25:27.971 | main                      | DEBUG | com.example.final_project.repository.ProductRepositoryTest              -  Running with Spring Boot v3.3.0, Spring v6.1.8
2024-07-25 00:25:27.971 | main                      | INFO  | com.example.final_project.repository.ProductRepositoryTest              -  No active profile set, falling back to 1 default profile: "default"
2024-07-25 00:25:30.303 | main                      | INFO  | com.example.final_project.repository.ProductRepositoryTest              -  Started ProductRepositoryTest in 2.723 seconds (process running for 3.193)
2024-07-25 00:25:49.094 | main                      | INFO  | com.example.final_project.controller.ProductControllerTest              -  Starting ProductControllerTest using Java 22.0.1 with PID 2581 (started by zaras in /Users/zaras/Desktop/Final_Project)
2024-07-25 00:25:49.094 | main                      | DEBUG | com.example.final_project.controller.ProductControllerTest              -  Running with Spring Boot v3.3.0, Spring v6.1.8
2024-07-25 00:25:49.095 | main                      | INFO  | com.example.final_project.controller.ProductControllerTest              -  No active profile set, falling back to 1 default profile: "default"
2024-07-25 00:25:50.461 | main                      | DEBUG | com.example.final_project.security.jwt.JwtFilter                        -  Filter 'jwtFilter' configured for use
2024-07-25 00:25:50.487 | main                      | INFO  | com.example.final_project.controller.ProductControllerTest              -  Started ProductControllerTest in 1.63 seconds (process running for 2.11)
2024-07-25 00:32:14.317 | main                      | INFO  | com.example.final_project.controller.ProductControllerTest              -  Starting ProductControllerTest using Java 22.0.1 with PID 2610 (started by zaras in /Users/zaras/Desktop/Final_Project)
2024-07-25 00:32:14.318 | main                      | DEBUG | com.example.final_project.controller.ProductControllerTest              -  Running with Spring Boot v3.3.0, Spring v6.1.8
2024-07-25 00:32:14.318 | main                      | INFO  | com.example.final_project.controller.ProductControllerTest              -  No active profile set, falling back to 1 default profile: "default"
2024-07-25 00:32:15.707 | main                      | DEBUG | com.example.final_project.security.jwt.JwtFilter                        -  Filter 'jwtFilter' configured for use
2024-07-25 00:32:15.742 | main                      | INFO  | com.example.final_project.controller.ProductControllerTest              -  Started ProductControllerTest in 1.801 seconds (process running for 2.329)
2024-07-25 00:33:39.996 | main                      | INFO  | com.example.final_project.controller.ProductControllerTest              -  Starting ProductControllerTest using Java 22.0.1 with PID 2619 (started by zaras in /Users/zaras/Desktop/Final_Project)
2024-07-25 00:33:39.997 | main                      | DEBUG | com.example.final_project.controller.ProductControllerTest              -  Running with Spring Boot v3.3.0, Spring v6.1.8
2024-07-25 00:33:39.997 | main                      | INFO  | com.example.final_project.controller.ProductControllerTest              -  No active profile set, falling back to 1 default profile: "default"
2024-07-25 00:33:41.438 | main                      | DEBUG | com.example.final_project.security.jwt.JwtFilter                        -  Filter 'jwtFilter' configured for use
2024-07-25 00:33:41.462 | main                      | INFO  | com.example.final_project.controller.ProductControllerTest              -  Started ProductControllerTest in 1.723 seconds (process running for 2.204)
2024-07-25 00:33:51.902 | main                      | INFO  | com.example.final_project.controller.ProductControllerTest              -  Starting ProductControllerTest using Java 22.0.1 with PID 2625 (started by zaras in /Users/zaras/Desktop/Final_Project)
2024-07-25 00:33:51.902 | main                      | DEBUG | com.example.final_project.controller.ProductControllerTest              -  Running with Spring Boot v3.3.0, Spring v6.1.8
2024-07-25 00:33:51.903 | main                      | INFO  | com.example.final_project.controller.ProductControllerTest              -  No active profile set, falling back to 1 default profile: "default"
2024-07-25 00:33:53.339 | main                      | DEBUG | com.example.final_project.security.jwt.JwtFilter                        -  Filter 'jwtFilter' configured for use
2024-07-25 00:33:53.362 | main                      | INFO  | com.example.final_project.controller.ProductControllerTest              -  Started ProductControllerTest in 1.727 seconds (process running for 2.223)
2024-07-25 00:37:00.294 | main                      | INFO  | com.example.final_project.controller.ProductControllerTest              -  Starting ProductControllerTest using Java 22.0.1 with PID 2636 (started by zaras in /Users/zaras/Desktop/Final_Project)
2024-07-25 00:37:00.294 | main                      | DEBUG | com.example.final_project.controller.ProductControllerTest              -  Running with Spring Boot v3.3.0, Spring v6.1.8
2024-07-25 00:37:00.295 | main                      | INFO  | com.example.final_project.controller.ProductControllerTest              -  No active profile set, falling back to 1 default profile: "default"
2024-07-25 00:37:01.621 | main                      | DEBUG | com.example.final_project.security.jwt.JwtFilter                        -  Filter 'jwtFilter' configured for use
2024-07-25 00:37:01.647 | main                      | INFO  | com.example.final_project.controller.ProductControllerTest              -  Started ProductControllerTest in 1.572 seconds (process running for 2.008)
2024-07-25 00:37:32.151 | main                      | INFO  | com.example.final_project.controller.ProductControllerTest              -  Starting ProductControllerTest using Java 22.0.1 with PID 2646 (started by zaras in /Users/zaras/Desktop/Final_Project)
2024-07-25 00:37:32.151 | main                      | DEBUG | com.example.final_project.controller.ProductControllerTest              -  Running with Spring Boot v3.3.0, Spring v6.1.8
2024-07-25 00:37:32.151 | main                      | INFO  | com.example.final_project.controller.ProductControllerTest              -  No active profile set, falling back to 1 default profile: "default"
2024-07-25 00:37:33.515 | main                      | DEBUG | com.example.final_project.security.jwt.JwtFilter                        -  Filter 'jwtFilter' configured for use
2024-07-25 00:37:33.542 | main                      | INFO  | com.example.final_project.controller.ProductControllerTest              -  Started ProductControllerTest in 1.639 seconds (process running for 2.084)
2024-07-25 00:37:48.743 | main                      | INFO  | com.example.final_project.controller.ProductControllerTest              -  Starting ProductControllerTest using Java 22.0.1 with PID 2654 (started by zaras in /Users/zaras/Desktop/Final_Project)
2024-07-25 00:37:48.743 | main                      | DEBUG | com.example.final_project.controller.ProductControllerTest              -  Running with Spring Boot v3.3.0, Spring v6.1.8
2024-07-25 00:37:48.743 | main                      | INFO  | com.example.final_project.controller.ProductControllerTest              -  No active profile set, falling back to 1 default profile: "default"
2024-07-25 00:37:50.087 | main                      | DEBUG | com.example.final_project.security.jwt.JwtFilter                        -  Filter 'jwtFilter' configured for use
2024-07-25 00:37:50.113 | main                      | INFO  | com.example.final_project.controller.ProductControllerTest              -  Started ProductControllerTest in 1.628 seconds (process running for 2.11)
2024-07-25 00:38:08.166 | main                      | INFO  | com.example.final_project.controller.ProductControllerTest              -  Starting ProductControllerTest using Java 22.0.1 with PID 2661 (started by zaras in /Users/zaras/Desktop/Final_Project)
2024-07-25 00:38:08.167 | main                      | DEBUG | com.example.final_project.controller.ProductControllerTest              -  Running with Spring Boot v3.3.0, Spring v6.1.8
2024-07-25 00:38:08.167 | main                      | INFO  | com.example.final_project.controller.ProductControllerTest              -  No active profile set, falling back to 1 default profile: "default"
2024-07-25 00:38:09.590 | main                      | DEBUG | com.example.final_project.security.jwt.JwtFilter                        -  Filter 'jwtFilter' configured for use
2024-07-25 00:38:09.615 | main                      | INFO  | com.example.final_project.controller.ProductControllerTest              -  Started ProductControllerTest in 1.731 seconds (process running for 2.233)
2024-07-25 00:41:36.801 | main                      | INFO  | com.example.final_project.controller.ProductControllerTest              -  Starting ProductControllerTest using Java 22.0.1 with PID 2679 (started by zaras in /Users/zaras/Desktop/Final_Project)
2024-07-25 00:41:36.802 | main                      | DEBUG | com.example.final_project.controller.ProductControllerTest              -  Running with Spring Boot v3.3.0, Spring v6.1.8
2024-07-25 00:41:36.802 | main                      | INFO  | com.example.final_project.controller.ProductControllerTest              -  No active profile set, falling back to 1 default profile: "default"
2024-07-25 00:41:38.238 | main                      | DEBUG | com.example.final_project.security.jwt.JwtFilter                        -  Filter 'jwtFilter' configured for use
2024-07-25 00:41:38.263 | main                      | INFO  | com.example.final_project.controller.ProductControllerTest              -  Started ProductControllerTest in 1.705 seconds (process running for 2.203)
2024-07-25 00:41:47.380 | main                      | INFO  | com.example.final_project.controller.ProductControllerTest              -  Starting ProductControllerTest using Java 22.0.1 with PID 2685 (started by zaras in /Users/zaras/Desktop/Final_Project)
2024-07-25 00:41:47.380 | main                      | DEBUG | com.example.final_project.controller.ProductControllerTest              -  Running with Spring Boot v3.3.0, Spring v6.1.8
2024-07-25 00:41:47.381 | main                      | INFO  | com.example.final_project.controller.ProductControllerTest              -  No active profile set, falling back to 1 default profile: "default"
2024-07-25 00:41:48.771 | main                      | DEBUG | com.example.final_project.security.jwt.JwtFilter                        -  Filter 'jwtFilter' configured for use
2024-07-25 00:41:48.796 | main                      | INFO  | com.example.final_project.controller.ProductControllerTest              -  Started ProductControllerTest in 1.642 seconds (process running for 2.101)
2024-07-25 00:44:59.696 | main                      | INFO  | com.example.final_project.service.CategoryServiceTest                   -  Starting CategoryServiceTest using Java 22.0.1 with PID 2710 (started by zaras in /Users/zaras/Desktop/Final_Project)
2024-07-25 00:44:59.697 | main                      | DEBUG | com.example.final_project.service.CategoryServiceTest                   -  Running with Spring Boot v3.3.0, Spring v6.1.8
2024-07-25 00:44:59.697 | main                      | INFO  | com.example.final_project.service.CategoryServiceTest                   -  No active profile set, falling back to 1 default profile: "default"
2024-07-25 00:45:04.222 | main                      | INFO  | com.example.final_project.service.CategoryServiceTest                   -  Started CategoryServiceTest in 4.77 seconds (process running for 5.212)
2024-07-25 00:46:44.409 | main                      | INFO  | com.example.final_project.service.CategoryServiceTest                   -  Starting CategoryServiceTest using Java 22.0.1 with PID 2723 (started by zaras in /Users/zaras/Desktop/Final_Project)
2024-07-25 00:46:44.409 | main                      | DEBUG | com.example.final_project.service.CategoryServiceTest                   -  Running with Spring Boot v3.3.0, Spring v6.1.8
2024-07-25 00:46:44.410 | main                      | INFO  | com.example.final_project.service.CategoryServiceTest                   -  No active profile set, falling back to 1 default profile: "default"
2024-07-25 00:46:48.880 | main                      | INFO  | com.example.final_project.service.CategoryServiceTest                   -  Started CategoryServiceTest in 4.901 seconds (process running for 5.321)
2024-07-25 00:49:15.436 | main                      | INFO  | com.example.final_project.service.CategoryServiceTest                   -  Starting CategoryServiceTest using Java 22.0.1 with PID 2732 (started by zaras in /Users/zaras/Desktop/Final_Project)
2024-07-25 00:49:15.436 | main                      | DEBUG | com.example.final_project.service.CategoryServiceTest                   -  Running with Spring Boot v3.3.0, Spring v6.1.8
2024-07-25 00:49:15.437 | main                      | INFO  | com.example.final_project.service.CategoryServiceTest                   -  No active profile set, falling back to 1 default profile: "default"
2024-07-25 00:49:19.797 | main                      | INFO  | com.example.final_project.service.CategoryServiceTest                   -  Started CategoryServiceTest in 4.705 seconds (process running for 5.203)
2024-07-25 00:54:04.644 | main                      | INFO  | com.example.final_project.service.CategoryServiceTest                   -  Starting CategoryServiceTest using Java 22.0.1 with PID 2761 (started by zaras in /Users/zaras/Desktop/Final_Project)
2024-07-25 00:54:04.644 | main                      | DEBUG | com.example.final_project.service.CategoryServiceTest                   -  Running with Spring Boot v3.3.0, Spring v6.1.8
2024-07-25 00:54:04.645 | main                      | INFO  | com.example.final_project.service.CategoryServiceTest                   -  No active profile set, falling back to 1 default profile: "default"
2024-07-25 00:54:09.052 | main                      | INFO  | com.example.final_project.service.CategoryServiceTest                   -  Started CategoryServiceTest in 4.762 seconds (process running for 5.187)
2024-07-25 01:03:19.610 | main                      | INFO  | com.example.final_project.service.CategoryServiceTest                   -  Starting CategoryServiceTest using Java 22.0.1 with PID 2801 (started by zaras in /Users/zaras/Desktop/Final_Project)
2024-07-25 01:03:19.610 | main                      | DEBUG | com.example.final_project.service.CategoryServiceTest                   -  Running with Spring Boot v3.3.0, Spring v6.1.8
2024-07-25 01:03:19.611 | main                      | INFO  | com.example.final_project.service.CategoryServiceTest                   -  No active profile set, falling back to 1 default profile: "default"
2024-07-25 01:03:23.877 | main                      | INFO  | com.example.final_project.service.CategoryServiceTest                   -  Started CategoryServiceTest in 4.612 seconds (process running for 5.049)
2024-07-25 01:06:06.324 | main                      | INFO  | com.example.final_project.service.CategoryServiceTest                   -  Starting CategoryServiceTest using Java 22.0.1 with PID 2812 (started by zaras in /Users/zaras/Desktop/Final_Project)
2024-07-25 01:06:06.325 | main                      | DEBUG | com.example.final_project.service.CategoryServiceTest                   -  Running with Spring Boot v3.3.0, Spring v6.1.8
2024-07-25 01:06:06.325 | main                      | INFO  | com.example.final_project.service.CategoryServiceTest                   -  No active profile set, falling back to 1 default profile: "default"
2024-07-25 01:06:10.814 | main                      | INFO  | com.example.final_project.service.CategoryServiceTest                   -  Started CategoryServiceTest in 4.701 seconds (process running for 5.182)
2024-07-25 01:06:43.485 | main                      | INFO  | com.example.final_project.service.CategoryServiceTest                   -  Starting CategoryServiceTest using Java 22.0.1 with PID 2820 (started by zaras in /Users/zaras/Desktop/Final_Project)
2024-07-25 01:06:43.485 | main                      | DEBUG | com.example.final_project.service.CategoryServiceTest                   -  Running with Spring Boot v3.3.0, Spring v6.1.8
2024-07-25 01:06:43.486 | main                      | INFO  | com.example.final_project.service.CategoryServiceTest                   -  No active profile set, falling back to 1 default profile: "default"
2024-07-25 01:06:47.656 | main                      | INFO  | com.example.final_project.service.CategoryServiceTest                   -  Started CategoryServiceTest in 4.377 seconds (process running for 4.8)
2024-07-25 01:11:05.417 | main                      | INFO  | com.example.final_project.service.CategoryServiceTest                   -  Starting CategoryServiceTest using Java 22.0.1 with PID 2830 (started by zaras in /Users/zaras/Desktop/Final_Project)
2024-07-25 01:11:05.417 | main                      | DEBUG | com.example.final_project.service.CategoryServiceTest                   -  Running with Spring Boot v3.3.0, Spring v6.1.8
2024-07-25 01:11:05.418 | main                      | INFO  | com.example.final_project.service.CategoryServiceTest                   -  No active profile set, falling back to 1 default profile: "default"
2024-07-25 01:11:09.581 | main                      | INFO  | com.example.final_project.service.CategoryServiceTest                   -  Started CategoryServiceTest in 4.534 seconds (process running for 4.981)
2024-07-25 01:13:17.557 | main                      | INFO  | com.example.final_project.service.CategoryServiceTest                   -  Starting CategoryServiceTest using Java 22.0.1 with PID 2872 (started by zaras in /Users/zaras/Desktop/Final_Project)
2024-07-25 01:13:17.557 | main                      | DEBUG | com.example.final_project.service.CategoryServiceTest                   -  Running with Spring Boot v3.3.0, Spring v6.1.8
2024-07-25 01:13:17.558 | main                      | INFO  | com.example.final_project.service.CategoryServiceTest                   -  No active profile set, falling back to 1 default profile: "default"
2024-07-25 01:13:21.874 | main                      | INFO  | com.example.final_project.service.CategoryServiceTest                   -  Started CategoryServiceTest in 4.663 seconds (process running for 5.117)
2024-07-25 01:15:32.238 | main                      | INFO  | com.example.final_project.service.CategoryServiceTest                   -  Starting CategoryServiceTest using Java 22.0.1 with PID 2879 (started by zaras in /Users/zaras/Desktop/Final_Project)
2024-07-25 01:15:32.238 | main                      | DEBUG | com.example.final_project.service.CategoryServiceTest                   -  Running with Spring Boot v3.3.0, Spring v6.1.8
2024-07-25 01:15:32.239 | main                      | INFO  | com.example.final_project.service.CategoryServiceTest                   -  No active profile set, falling back to 1 default profile: "default"
2024-07-25 01:15:37.128 | main                      | INFO  | com.example.final_project.service.CategoryServiceTest                   -  Started CategoryServiceTest in 5.129 seconds (process running for 5.646)
2024-07-25 01:21:55.973 | main                      | INFO  | com.example.final_project.service.CategoryServiceTest                   -  Starting CategoryServiceTest using Java 22.0.1 with PID 2908 (started by zaras in /Users/zaras/Desktop/Final_Project)
2024-07-25 01:21:55.973 | main                      | DEBUG | com.example.final_project.service.CategoryServiceTest                   -  Running with Spring Boot v3.3.0, Spring v6.1.8
2024-07-25 01:21:55.973 | main                      | INFO  | com.example.final_project.service.CategoryServiceTest                   -  No active profile set, falling back to 1 default profile: "default"
2024-07-25 01:22:00.217 | main                      | INFO  | com.example.final_project.service.CategoryServiceTest                   -  Started CategoryServiceTest in 4.676 seconds (process running for 5.125)
2024-07-25 01:22:19.258 | main                      | INFO  | com.example.final_project.FinalProjectApplication                       -  Starting FinalProjectApplication using Java 22.0.1 with PID 2913 (/Users/zaras/Desktop/Final_Project/target/classes started by zaras in /Users/zaras/Desktop/Final_Project)
2024-07-25 01:22:19.258 | main                      | DEBUG | com.example.final_project.FinalProjectApplication                       -  Running with Spring Boot v3.3.0, Spring v6.1.8
2024-07-25 01:22:19.258 | main                      | INFO  | com.example.final_project.FinalProjectApplication                       -  No active profile set, falling back to 1 default profile: "default"
2024-07-25 01:22:20.560 | main                      | DEBUG | com.example.final_project.security.jwt.JwtFilter                        -  Filter 'jwtFilter' configured for use
2024-07-25 01:22:23.587 | main                      | INFO  | com.example.final_project.FinalProjectApplication                       -  Started FinalProjectApplication in 4.608 seconds (process running for 4.797)
2024-07-25 01:22:46.861 | http-nio-8080-exec-5      | INFO  | com.example.final_project.security.service.AuthService                  -  Starting user registration process for email: strin2g
2024-07-25 01:22:46.861 | http-nio-8080-exec-5      | INFO  | com.example.final_project.service.UserService                           -  Starting registration for user with email: strin2g
2024-07-25 01:22:46.983 | http-nio-8080-exec-5      | INFO  | com.example.final_project.service.UserService                           -  User object created for email: strin2g
2024-07-25 01:22:47.007 | http-nio-8080-exec-5      | INFO  | com.example.final_project.service.UserService                           -  User with email: strin2g successfully saved to the database.
2024-07-25 01:22:47.010 | http-nio-8080-exec-5      | INFO  | com.example.final_project.security.service.AuthService                  -  User registered successfully with email: strin2g
2024-07-25 01:22:47.017 | http-nio-8080-exec-5      | INFO  | com.example.final_project.security.service.AuthService                  -  Generated access token for user with email: strin2g
2024-07-25 01:22:47.018 | http-nio-8080-exec-5      | INFO  | com.example.final_project.security.service.AuthService                  -  Generated refresh token for user with email: strin2g
2024-07-25 01:22:47.018 | http-nio-8080-exec-5      | INFO  | com.example.final_project.service.UserService                           -  Set refreshToken to user with email: strin2g
2024-07-25 01:22:47.031 | http-nio-8080-exec-5      | INFO  | com.example.final_project.service.UserService                           -  RefreshToken for User with email: strin2g successfully saved to the database.
2024-07-25 01:22:47.031 | http-nio-8080-exec-5      | INFO  | com.example.final_project.security.service.AuthService                  -  Set refresh token for user with email: strin2g
2024-07-25 01:22:47.031 | http-nio-8080-exec-5      | INFO  | com.example.final_project.security.service.AuthService                  -  User registration and token generation process completed successfully for email: strin2g
2024-07-25 01:23:10.590 | http-nio-8080-exec-6      | INFO  | com.example.final_project.aspect.LoggingAspect                          - CONTROLLER_IN{CONTROLLER_METHOD=insertCategory} args=[CategoryRequestDto(name=stri123123123123ng)];
2024-07-25 01:23:10.598 | http-nio-8080-exec-6      | INFO  | com.example.final_project.aspect.LoggingAspect                          - CONTROLLER_OUT{CONTROLLER_METHOD=insertCategory}{CONTROLLER_TIME=6} args=[CategoryRequestDto(name=stri123123123123ng)]; RESULT: [CategoryResponseDto(categoryId=12, name=stri123123123123ng)]
2024-07-25 01:23:17.153 | http-nio-8080-exec-7      | INFO  | com.example.final_project.aspect.LoggingAspect                          - CONTROLLER_IN{CONTROLLER_METHOD=getCategory} args=[];
2024-07-25 01:23:17.158 | http-nio-8080-exec-7      | INFO  | com.example.final_project.aspect.LoggingAspect                          - CONTROLLER_OUT{CONTROLLER_METHOD=getCategory}{CONTROLLER_TIME=5} args=[]; RESULT: [RESULT_SIZE=11 [CategoryResponseDto(categoryId=1, name=Garden Furniture), CategoryResponseDto(categoryId=2, name=Fertilizer), CategoryResponseDto(categoryId=3, name=Protective products and septic tanks), CategoryResponseDto(categoryId=4, name=Fences and Gates), CategoryResponseDto(categoryId=5, name=Planting materia), CategoryResponseDto(categoryId=6, name=Garden Lighting), CategoryResponseDto(categoryId=7, name=BBQs and Grills), CategoryResponseDto(categoryId=8, name=Tools and equipment), CategoryResponseDto(categoryId=9, name=Garden Decor), CategoryResponseDto(categoryId=10, name=string2), CategoryResponseDto(categoryId=12, name=stri123123123123ng)]]
2024-07-25 01:28:30.482 | main                      | INFO  | com.example.final_project.service.CategoryServiceTest                   -  Starting CategoryServiceTest using Java 22.0.1 with PID 2928 (started by zaras in /Users/zaras/Desktop/Final_Project)
2024-07-25 01:28:30.483 | main                      | DEBUG | com.example.final_project.service.CategoryServiceTest                   -  Running with Spring Boot v3.3.0, Spring v6.1.8
2024-07-25 01:28:30.483 | main                      | INFO  | com.example.final_project.service.CategoryServiceTest                   -  No active profile set, falling back to 1 default profile: "default"
2024-07-25 01:28:35.119 | main                      | INFO  | com.example.final_project.service.CategoryServiceTest                   -  Started CategoryServiceTest in 4.983 seconds (process running for 5.428)
2024-07-25 01:28:43.567 | main                      | INFO  | com.example.final_project.service.CategoryServiceTest                   -  Starting CategoryServiceTest using Java 22.0.1 with PID 2943 (started by zaras in /Users/zaras/Desktop/Final_Project)
2024-07-25 01:28:43.567 | main                      | DEBUG | com.example.final_project.service.CategoryServiceTest                   -  Running with Spring Boot v3.3.0, Spring v6.1.8
2024-07-25 01:28:43.567 | main                      | INFO  | com.example.final_project.service.CategoryServiceTest                   -  No active profile set, falling back to 1 default profile: "default"
2024-07-25 01:28:48.000 | main                      | INFO  | com.example.final_project.service.CategoryServiceTest                   -  Started CategoryServiceTest in 4.653 seconds (process running for 5.123)
2024-07-25 01:28:59.117 | main                      | INFO  | com.example.final_project.service.CategoryServiceTest                   -  Starting CategoryServiceTest using Java 22.0.1 with PID 2950 (started by zaras in /Users/zaras/Desktop/Final_Project)
2024-07-25 01:28:59.117 | main                      | DEBUG | com.example.final_project.service.CategoryServiceTest                   -  Running with Spring Boot v3.3.0, Spring v6.1.8
2024-07-25 01:28:59.118 | main                      | INFO  | com.example.final_project.service.CategoryServiceTest                   -  No active profile set, falling back to 1 default profile: "default"
2024-07-25 01:29:03.475 | main                      | INFO  | com.example.final_project.service.CategoryServiceTest                   -  Started CategoryServiceTest in 4.581 seconds (process running for 5.076)
2024-07-25 01:29:20.361 | main                      | INFO  | com.example.final_project.service.CategoryServiceTest                   -  Starting CategoryServiceTest using Java 22.0.1 with PID 2957 (started by zaras in /Users/zaras/Desktop/Final_Project)
2024-07-25 01:29:20.361 | main                      | DEBUG | com.example.final_project.service.CategoryServiceTest                   -  Running with Spring Boot v3.3.0, Spring v6.1.8
2024-07-25 01:29:20.361 | main                      | INFO  | com.example.final_project.service.CategoryServiceTest                   -  No active profile set, falling back to 1 default profile: "default"
2024-07-25 01:29:24.680 | main                      | INFO  | com.example.final_project.service.CategoryServiceTest                   -  Started CategoryServiceTest in 4.547 seconds (process running for 5.017)
2024-07-25 01:29:44.724 | main                      | INFO  | com.example.final_project.service.CategoryServiceTest                   -  Starting CategoryServiceTest using Java 22.0.1 with PID 2964 (started by zaras in /Users/zaras/Desktop/Final_Project)
2024-07-25 01:29:44.724 | main                      | DEBUG | com.example.final_project.service.CategoryServiceTest                   -  Running with Spring Boot v3.3.0, Spring v6.1.8
2024-07-25 01:29:44.724 | main                      | INFO  | com.example.final_project.service.CategoryServiceTest                   -  No active profile set, falling back to 1 default profile: "default"
2024-07-25 01:29:49.410 | main                      | INFO  | com.example.final_project.service.CategoryServiceTest                   -  Started CategoryServiceTest in 4.914 seconds (process running for 5.387)
2024-07-25 01:30:26.803 | main                      | INFO  | com.example.final_project.service.CategoryServiceTest                   -  Starting CategoryServiceTest using Java 22.0.1 with PID 2972 (started by zaras in /Users/zaras/Desktop/Final_Project)
2024-07-25 01:30:26.804 | main                      | DEBUG | com.example.final_project.service.CategoryServiceTest                   -  Running with Spring Boot v3.3.0, Spring v6.1.8
2024-07-25 01:30:26.804 | main                      | INFO  | com.example.final_project.service.CategoryServiceTest                   -  No active profile set, falling back to 1 default profile: "default"
2024-07-25 01:30:31.489 | main                      | INFO  | com.example.final_project.service.CategoryServiceTest                   -  Started CategoryServiceTest in 4.922 seconds (process running for 5.443)
2024-07-25 01:30:47.923 | main                      | INFO  | com.example.final_project.service.CategoryServiceTest                   -  Starting CategoryServiceTest using Java 22.0.1 with PID 2979 (started by zaras in /Users/zaras/Desktop/Final_Project)
2024-07-25 01:30:47.924 | main                      | DEBUG | com.example.final_project.service.CategoryServiceTest                   -  Running with Spring Boot v3.3.0, Spring v6.1.8
2024-07-25 01:30:47.924 | main                      | INFO  | com.example.final_project.service.CategoryServiceTest                   -  No active profile set, falling back to 1 default profile: "default"
2024-07-25 01:30:52.673 | main                      | INFO  | com.example.final_project.service.CategoryServiceTest                   -  Started CategoryServiceTest in 5.002 seconds (process running for 5.533)
2024-07-25 01:30:53.581 | main                      | INFO  | com.example.final_project.service.CategoryServiceTest                   -  Starting CategoryServiceTest using Java 22.0.1 with PID 2982 (started by zaras in /Users/zaras/Desktop/Final_Project)
2024-07-25 01:30:53.582 | main                      | DEBUG | com.example.final_project.service.CategoryServiceTest                   -  Running with Spring Boot v3.3.0, Spring v6.1.8
2024-07-25 01:30:53.582 | main                      | INFO  | com.example.final_project.service.CategoryServiceTest                   -  No active profile set, falling back to 1 default profile: "default"
2024-07-25 01:30:57.890 | main                      | INFO  | com.example.final_project.service.CategoryServiceTest                   -  Started CategoryServiceTest in 4.517 seconds (process running for 4.981)
2024-07-25 01:31:40.036 | main                      | INFO  | com.example.final_project.controller.ProductControllerTest              -  Starting ProductControllerTest using Java 22.0.1 with PID 2994 (started by zaras in /Users/zaras/Desktop/Final_Project)
2024-07-25 01:31:40.036 | main                      | DEBUG | com.example.final_project.controller.ProductControllerTest              -  Running with Spring Boot v3.3.0, Spring v6.1.8
2024-07-25 01:31:40.037 | main                      | INFO  | com.example.final_project.controller.ProductControllerTest              -  No active profile set, falling back to 1 default profile: "default"
2024-07-25 01:31:41.422 | main                      | DEBUG | com.example.final_project.security.jwt.JwtFilter                        -  Filter 'jwtFilter' configured for use
2024-07-25 01:31:41.453 | main                      | INFO  | com.example.final_project.controller.ProductControllerTest              -  Started ProductControllerTest in 1.683 seconds (process running for 2.202)
2024-07-25 01:35:55.829 | main                      | INFO  | com.example.final_project.controller.ProductControllerTest              -  Starting ProductControllerTest using Java 22.0.1 with PID 3055 (started by zaras in /Users/zaras/Desktop/Final_Project)
2024-07-25 01:35:55.829 | main                      | DEBUG | com.example.final_project.controller.ProductControllerTest              -  Running with Spring Boot v3.3.0, Spring v6.1.8
2024-07-25 01:35:55.830 | main                      | INFO  | com.example.final_project.controller.ProductControllerTest              -  No active profile set, falling back to 1 default profile: "default"
2024-07-25 01:35:57.187 | main                      | DEBUG | com.example.final_project.security.jwt.JwtFilter                        -  Filter 'jwtFilter' configured for use
2024-07-25 01:35:57.208 | main                      | INFO  | com.example.final_project.controller.ProductControllerTest              -  Started ProductControllerTest in 1.771 seconds (process running for 2.274)
2024-07-25 01:36:02.854 | main                      | INFO  | com.example.final_project.FinalProjectApplication                       -  Starting FinalProjectApplication using Java 22.0.1 with PID 3061 (/Users/zaras/Desktop/Final_Project/target/classes started by zaras in /Users/zaras/Desktop/Final_Project)
2024-07-25 01:36:02.854 | main                      | DEBUG | com.example.final_project.FinalProjectApplication                       -  Running with Spring Boot v3.3.0, Spring v6.1.8
2024-07-25 01:36:02.855 | main                      | INFO  | com.example.final_project.FinalProjectApplication                       -  No active profile set, falling back to 1 default profile: "default"
2024-07-25 01:36:04.279 | main                      | DEBUG | com.example.final_project.security.jwt.JwtFilter                        -  Filter 'jwtFilter' configured for use
2024-07-25 01:36:07.605 | main                      | INFO  | com.example.final_project.FinalProjectApplication                       -  Started FinalProjectApplication in 5.064 seconds (process running for 5.272)
2024-07-25 01:36:24.116 | http-nio-8080-exec-5      | INFO  | com.example.final_project.security.service.AuthService                  -  Starting user registration process for email: stri2ng
2024-07-25 01:36:24.116 | http-nio-8080-exec-5      | INFO  | com.example.final_project.service.UserService                           -  Starting registration for user with email: stri2ng
2024-07-25 01:36:24.235 | http-nio-8080-exec-5      | INFO  | com.example.final_project.service.UserService                           -  User object created for email: stri2ng
2024-07-25 01:36:24.273 | http-nio-8080-exec-5      | INFO  | com.example.final_project.service.UserService                           -  User with email: stri2ng successfully saved to the database.
2024-07-25 01:36:24.275 | http-nio-8080-exec-5      | INFO  | com.example.final_project.security.service.AuthService                  -  User registered successfully with email: stri2ng
2024-07-25 01:36:24.282 | http-nio-8080-exec-5      | INFO  | com.example.final_project.security.service.AuthService                  -  Generated access token for user with email: stri2ng
2024-07-25 01:36:24.283 | http-nio-8080-exec-5      | INFO  | com.example.final_project.security.service.AuthService                  -  Generated refresh token for user with email: stri2ng
2024-07-25 01:36:24.283 | http-nio-8080-exec-5      | INFO  | com.example.final_project.service.UserService                           -  Set refreshToken to user with email: stri2ng
2024-07-25 01:36:24.295 | http-nio-8080-exec-5      | INFO  | com.example.final_project.service.UserService                           -  RefreshToken for User with email: stri2ng successfully saved to the database.
2024-07-25 01:36:24.295 | http-nio-8080-exec-5      | INFO  | com.example.final_project.security.service.AuthService                  -  Set refresh token for user with email: stri2ng
2024-07-25 01:36:24.295 | http-nio-8080-exec-5      | INFO  | com.example.final_project.security.service.AuthService                  -  User registration and token generation process completed successfully for email: stri2ng
2024-07-25 01:36:59.097 | http-nio-8080-exec-6      | INFO  | com.example.final_project.aspect.LoggingAspect                          - CONTROLLER_IN{CONTROLLER_METHOD=updateCategory} args=[CategoryResponseDto(categoryId=5, name=string1)];
2024-07-25 01:36:59.108 | http-nio-8080-exec-6      | INFO  | com.example.final_project.aspect.LoggingAspect                          - CONTROLLER_OUT{CONTROLLER_METHOD=updateCategory}{CONTROLLER_TIME=9} args=[CategoryResponseDto(categoryId=5, name=string1)]; RESULT: [CategoryResponseDto(categoryId=5, name=string1)]
2024-07-25 01:37:12.272 | http-nio-8080-exec-7      | INFO  | com.example.final_project.aspect.LoggingAspect                          - CONTROLLER_IN{CONTROLLER_METHOD=insertCategory} args=[CategoryRequestDto(name=string13123)];
2024-07-25 01:37:12.278 | http-nio-8080-exec-7      | INFO  | com.example.final_project.aspect.LoggingAspect                          - CONTROLLER_OUT{CONTROLLER_METHOD=insertCategory}{CONTROLLER_TIME=6} args=[CategoryRequestDto(name=string13123)]; RESULT: [CategoryResponseDto(categoryId=13, name=string13123)]
2024-07-25 01:37:32.452 | http-nio-8080-exec-8      | INFO  | com.example.final_project.aspect.LoggingAspect                          - CONTROLLER_IN{CONTROLLER_METHOD=getCategoryById} args=[2];
2024-07-25 01:37:32.456 | http-nio-8080-exec-8      | INFO  | com.example.final_project.aspect.LoggingAspect                          - CONTROLLER_OUT{CONTROLLER_METHOD=getCategoryById}{CONTROLLER_TIME=4} args=[2]; RESULT: [CategoryResponseDto(categoryId=2, name=Fertilizer)]
